2015-01-13 11:11:30 DEBUG [main] (MySQLManager.java:41) - init mysql.
2015-01-13 11:27:44 DEBUG [main] (MySQLManager.java:41) - init mysql.
2015-01-13 11:28:02 ERROR [Thread-3] (TTSGather.java:24) - Gather Exception:TTSException mysql.properties IOException:Cannot create PoolableConnectionFactory (Access denied for user 'yijie'@'192.168.1.115' (using password: YES))
2015-01-13 11:29:15 DEBUG [main] (MySQLManager.java:41) - init mysql.
2015-01-13 11:29:25 DEBUG [main] (MySQLManager.java:41) - init mysql.
2015-01-13 11:35:21 DEBUG [main] (MySQLManager.java:41) - init mysql.
2015-01-14 13:48:10  INFO [main] (StdSchedulerFactory.java:1157) - Using default implementation for ThreadExecutor
2015-01-14 13:48:10  INFO [main] (SimpleThreadPool.java:271) - Job execution threads will use class loader of thread: main
2015-01-14 13:48:10  INFO [main] (SchedulerSignalerImpl.java:61) - Initialized Scheduler Signaller of type: class org.quartz.core.SchedulerSignalerImpl
2015-01-14 13:48:10  INFO [main] (QuartzScheduler.java:243) - Quartz Scheduler v.2.1.1 created.
2015-01-14 13:48:10  INFO [main] (RAMJobStore.java:154) - RAMJobStore initialized.
2015-01-14 13:48:10  INFO [main] (QuartzScheduler.java:268) - Scheduler meta-data: Quartz Scheduler (v2.1.1) 'DefaultQuartzScheduler' with instanceId 'NON_CLUSTERED'
  Scheduler class: 'org.quartz.core.QuartzScheduler' - running locally.
  NOT STARTED.
  Currently in standby mode.
  Number of jobs executed: 0
  Using thread pool 'org.quartz.simpl.SimpleThreadPool' - with 10 threads.
  Using job-store 'org.quartz.simpl.RAMJobStore' - which does not support persistence. and is not clustered.

2015-01-14 13:48:10  INFO [main] (StdSchedulerFactory.java:1306) - Quartz scheduler 'DefaultQuartzScheduler' initialized from default resource file in Quartz package: 'quartz.properties'
2015-01-14 13:48:10  INFO [main] (StdSchedulerFactory.java:1310) - Quartz scheduler version: 2.1.1
2015-01-14 13:48:10  INFO [main] (QuartzScheduler.java:534) - Scheduler DefaultQuartzScheduler_$_NON_CLUSTERED started.
2015-01-14 13:48:10 DEBUG [DefaultQuartzScheduler_QuartzSchedulerThread] (QuartzSchedulerThread.java:268) - batch acquisition of 0 triggers
2015-01-14 13:48:11 DEBUG [Timer-0] (UpdateChecker.java:54) - Checking for available updated version of Quartz...
2015-01-14 13:48:12  INFO [Timer-0] (UpdateChecker.java:84) - New Quartz update(s) found: 2.1.7 [http://www.terracotta.org/kit/reflector?kitID=default&pageID=QuartzChangeLog]
2015-01-14 13:48:34 DEBUG [DefaultQuartzScheduler_QuartzSchedulerThread] (QuartzSchedulerThread.java:268) - batch acquisition of 0 triggers
2015-01-14 13:49:01 DEBUG [DefaultQuartzScheduler_QuartzSchedulerThread] (QuartzSchedulerThread.java:268) - batch acquisition of 0 triggers
2015-01-14 13:49:30 DEBUG [DefaultQuartzScheduler_QuartzSchedulerThread] (QuartzSchedulerThread.java:268) - batch acquisition of 1 triggers
2015-01-14 13:50:00 DEBUG [DefaultQuartzScheduler_QuartzSchedulerThread] (SimpleJobFactory.java:51) - Producing instance of Job 'TTS_TRIGGERGROUP.TTS_JOB', class=com.tongbaotu.tts.job.TTSMailJob
2015-01-14 13:50:00 DEBUG [DefaultQuartzScheduler_QuartzSchedulerThread] (QuartzSchedulerThread.java:268) - batch acquisition of 0 triggers
2015-01-14 13:50:00 DEBUG [DefaultQuartzScheduler_Worker-1] (JobRunShell.java:212) - Calling execute on job TTS_TRIGGERGROUP.TTS_JOB
2015-01-14 13:50:00 ERROR [DefaultQuartzScheduler_Worker-1] (JobRunShell.java:222) - Job TTS_TRIGGERGROUP.TTS_JOB threw an unhandled Exception: 
java.lang.NullPointerException
	at com.tongbaotu.tts.util.MySQLManager.getConnection(MySQLManager.java:70)
	at com.tongbaotu.tts.job.TTSMailJob.execute(TTSMailJob.java:37)
	at org.quartz.core.JobRunShell.run(JobRunShell.java:213)
	at org.quartz.simpl.SimpleThreadPool$WorkerThread.run(SimpleThreadPool.java:557)
2015-01-14 13:50:00 ERROR [DefaultQuartzScheduler_Worker-1] (QuartzScheduler.java:2360) - Job (TTS_TRIGGERGROUP.TTS_JOB threw an exception.
org.quartz.SchedulerException: Job threw an unhandled exception. [See nested exception: java.lang.NullPointerException]
	at org.quartz.core.JobRunShell.run(JobRunShell.java:224)
	at org.quartz.simpl.SimpleThreadPool$WorkerThread.run(SimpleThreadPool.java:557)
Caused by: java.lang.NullPointerException
	at com.tongbaotu.tts.util.MySQLManager.getConnection(MySQLManager.java:70)
	at com.tongbaotu.tts.job.TTSMailJob.execute(TTSMailJob.java:37)
	at org.quartz.core.JobRunShell.run(JobRunShell.java:213)
	... 1 more
2015-01-14 13:53:38 DEBUG [main] (MySQLManager.java:41) - init mysql.
2015-01-14 13:53:46  INFO [main] (StdSchedulerFactory.java:1157) - Using default implementation for ThreadExecutor
2015-01-14 13:53:46  INFO [main] (SimpleThreadPool.java:271) - Job execution threads will use class loader of thread: main
2015-01-14 13:53:46  INFO [main] (SchedulerSignalerImpl.java:61) - Initialized Scheduler Signaller of type: class org.quartz.core.SchedulerSignalerImpl
2015-01-14 13:53:46  INFO [main] (QuartzScheduler.java:243) - Quartz Scheduler v.2.1.1 created.
2015-01-14 13:53:46  INFO [main] (RAMJobStore.java:154) - RAMJobStore initialized.
2015-01-14 13:53:46  INFO [main] (QuartzScheduler.java:268) - Scheduler meta-data: Quartz Scheduler (v2.1.1) 'DefaultQuartzScheduler' with instanceId 'NON_CLUSTERED'
  Scheduler class: 'org.quartz.core.QuartzScheduler' - running locally.
  NOT STARTED.
  Currently in standby mode.
  Number of jobs executed: 0
  Using thread pool 'org.quartz.simpl.SimpleThreadPool' - with 10 threads.
  Using job-store 'org.quartz.simpl.RAMJobStore' - which does not support persistence. and is not clustered.

2015-01-14 13:53:46  INFO [main] (StdSchedulerFactory.java:1306) - Quartz scheduler 'DefaultQuartzScheduler' initialized from default resource file in Quartz package: 'quartz.properties'
2015-01-14 13:53:46  INFO [main] (StdSchedulerFactory.java:1310) - Quartz scheduler version: 2.1.1
2015-01-14 13:53:46 DEBUG [DefaultQuartzScheduler_QuartzSchedulerThread] (QuartzSchedulerThread.java:268) - batch acquisition of 0 triggers
2015-01-14 13:53:46  INFO [main] (QuartzScheduler.java:534) - Scheduler DefaultQuartzScheduler_$_NON_CLUSTERED started.
2015-01-14 13:53:47 DEBUG [Timer-0] (UpdateChecker.java:54) - Checking for available updated version of Quartz...
2015-01-14 13:53:48  INFO [Timer-0] (UpdateChecker.java:84) - New Quartz update(s) found: 2.1.7 [http://www.terracotta.org/kit/reflector?kitID=default&pageID=QuartzChangeLog]
2015-01-14 13:54:10 DEBUG [DefaultQuartzScheduler_QuartzSchedulerThread] (QuartzSchedulerThread.java:268) - batch acquisition of 0 triggers
2015-01-14 13:54:38 DEBUG [DefaultQuartzScheduler_QuartzSchedulerThread] (QuartzSchedulerThread.java:268) - batch acquisition of 1 triggers
2015-01-14 13:55:00 DEBUG [DefaultQuartzScheduler_QuartzSchedulerThread] (SimpleJobFactory.java:51) - Producing instance of Job 'TTS_TRIGGERGROUP.TTS_JOB', class=com.tongbaotu.tts.job.TTSMailJob
2015-01-14 13:55:00 DEBUG [DefaultQuartzScheduler_QuartzSchedulerThread] (QuartzSchedulerThread.java:268) - batch acquisition of 0 triggers
2015-01-14 13:55:00 DEBUG [DefaultQuartzScheduler_Worker-1] (JobRunShell.java:212) - Calling execute on job TTS_TRIGGERGROUP.TTS_JOB
2015-01-14 13:55:28 DEBUG [DefaultQuartzScheduler_QuartzSchedulerThread] (QuartzSchedulerThread.java:268) - batch acquisition of 0 triggers
2015-01-14 13:55:54 DEBUG [DefaultQuartzScheduler_QuartzSchedulerThread] (QuartzSchedulerThread.java:268) - batch acquisition of 0 triggers
2015-01-14 13:56:09 DEBUG [DefaultQuartzScheduler_Worker-1] (Log4JLoggerFactory.java:81) - Could not find template in cache, creating new one; id=[mail-title.ftl[zh_CN,UTF-8,parsed] ]
2015-01-14 13:56:09 DEBUG [DefaultQuartzScheduler_Worker-1] (Log4JLoggerFactory.java:81) - Compiling FreeMarker template mail-title.ftl[zh_CN,UTF-8,parsed]  from file:/Users/tbt/Documents/workspace/tss/target/classes/resource/mail-title.ftl
2015-01-14 13:56:09 DEBUG [DefaultQuartzScheduler_Worker-1] (Log4JLoggerFactory.java:81) - Could not find template in cache, creating new one; id=[mail-body.ftl[zh_CN,UTF-8,parsed] ]
2015-01-14 13:56:09 DEBUG [DefaultQuartzScheduler_Worker-1] (Log4JLoggerFactory.java:81) - Compiling FreeMarker template mail-body.ftl[zh_CN,UTF-8,parsed]  from file:/Users/tbt/Documents/workspace/tss/target/classes/resource/mail-body.ftl
2015-01-14 13:56:13 DEBUG [DefaultQuartzScheduler_Worker-1] (TTSMailService.java:93) - 发送成功
2015-01-14 13:56:22 DEBUG [DefaultQuartzScheduler_QuartzSchedulerThread] (QuartzSchedulerThread.java:268) - batch acquisition of 0 triggers
2015-01-14 13:56:50 DEBUG [DefaultQuartzScheduler_QuartzSchedulerThread] (QuartzSchedulerThread.java:268) - batch acquisition of 0 triggers
2015-01-14 13:57:17 DEBUG [DefaultQuartzScheduler_QuartzSchedulerThread] (QuartzSchedulerThread.java:268) - batch acquisition of 0 triggers
2015-01-14 13:59:13 DEBUG [main] (MySQLManager.java:41) - init mysql.
2015-01-14 13:59:14  INFO [main] (StdSchedulerFactory.java:1157) - Using default implementation for ThreadExecutor
2015-01-14 13:59:14  INFO [main] (SimpleThreadPool.java:271) - Job execution threads will use class loader of thread: main
2015-01-14 13:59:14  INFO [main] (SchedulerSignalerImpl.java:61) - Initialized Scheduler Signaller of type: class org.quartz.core.SchedulerSignalerImpl
2015-01-14 13:59:14  INFO [main] (QuartzScheduler.java:243) - Quartz Scheduler v.2.1.1 created.
2015-01-14 13:59:14  INFO [main] (RAMJobStore.java:154) - RAMJobStore initialized.
2015-01-14 13:59:14  INFO [main] (QuartzScheduler.java:268) - Scheduler meta-data: Quartz Scheduler (v2.1.1) 'DefaultQuartzScheduler' with instanceId 'NON_CLUSTERED'
  Scheduler class: 'org.quartz.core.QuartzScheduler' - running locally.
  NOT STARTED.
  Currently in standby mode.
  Number of jobs executed: 0
  Using thread pool 'org.quartz.simpl.SimpleThreadPool' - with 10 threads.
  Using job-store 'org.quartz.simpl.RAMJobStore' - which does not support persistence. and is not clustered.

2015-01-14 13:59:14  INFO [main] (StdSchedulerFactory.java:1306) - Quartz scheduler 'DefaultQuartzScheduler' initialized from default resource file in Quartz package: 'quartz.properties'
2015-01-14 13:59:14  INFO [main] (StdSchedulerFactory.java:1310) - Quartz scheduler version: 2.1.1
2015-01-14 13:59:14  INFO [main] (QuartzScheduler.java:534) - Scheduler DefaultQuartzScheduler_$_NON_CLUSTERED started.
2015-01-14 13:59:14 DEBUG [DefaultQuartzScheduler_QuartzSchedulerThread] (QuartzSchedulerThread.java:268) - batch acquisition of 0 triggers
2015-01-14 13:59:15 DEBUG [Timer-0] (UpdateChecker.java:54) - Checking for available updated version of Quartz...
2015-01-14 13:59:16  INFO [Timer-0] (UpdateChecker.java:84) - New Quartz update(s) found: 2.1.7 [http://www.terracotta.org/kit/reflector?kitID=default&pageID=QuartzChangeLog]
2015-01-14 13:59:42 DEBUG [DefaultQuartzScheduler_QuartzSchedulerThread] (QuartzSchedulerThread.java:268) - batch acquisition of 1 triggers
2015-01-14 14:00:00 DEBUG [DefaultQuartzScheduler_QuartzSchedulerThread] (SimpleJobFactory.java:51) - Producing instance of Job 'TTS_TRIGGERGROUP.TTS_JOB', class=com.tongbaotu.tts.job.TTSMailJob
2015-01-14 14:00:00 DEBUG [DefaultQuartzScheduler_QuartzSchedulerThread] (QuartzSchedulerThread.java:268) - batch acquisition of 0 triggers
2015-01-14 14:00:00 DEBUG [DefaultQuartzScheduler_Worker-1] (JobRunShell.java:212) - Calling execute on job TTS_TRIGGERGROUP.TTS_JOB
2015-01-14 14:00:21 DEBUG [DefaultQuartzScheduler_Worker-1] (Log4JLoggerFactory.java:81) - Could not find template in cache, creating new one; id=[mail-title.ftl[zh_CN,UTF-8,parsed] ]
2015-01-14 14:00:21 DEBUG [DefaultQuartzScheduler_Worker-1] (Log4JLoggerFactory.java:81) - Compiling FreeMarker template mail-title.ftl[zh_CN,UTF-8,parsed]  from file:/Users/tbt/Documents/workspace/tss/target/classes/resource/mail-title.ftl
2015-01-14 14:00:23 DEBUG [DefaultQuartzScheduler_Worker-1] (Log4JLoggerFactory.java:81) - Could not find template in cache, creating new one; id=[mail-body.ftl[zh_CN,UTF-8,parsed] ]
2015-01-14 14:00:23 DEBUG [DefaultQuartzScheduler_Worker-1] (Log4JLoggerFactory.java:81) - Compiling FreeMarker template mail-body.ftl[zh_CN,UTF-8,parsed]  from file:/Users/tbt/Documents/workspace/tss/target/classes/resource/mail-body.ftl
2015-01-14 14:00:28 DEBUG [DefaultQuartzScheduler_QuartzSchedulerThread] (QuartzSchedulerThread.java:268) - batch acquisition of 0 triggers
2015-01-14 14:00:50 DEBUG [DefaultQuartzScheduler_Worker-1] (TTSMailService.java:93) - 发送成功
2015-01-14 14:00:54 DEBUG [DefaultQuartzScheduler_QuartzSchedulerThread] (QuartzSchedulerThread.java:268) - batch acquisition of 0 triggers
2015-01-14 14:01:20 DEBUG [DefaultQuartzScheduler_QuartzSchedulerThread] (QuartzSchedulerThread.java:268) - batch acquisition of 0 triggers
2015-01-14 14:01:46 DEBUG [DefaultQuartzScheduler_QuartzSchedulerThread] (QuartzSchedulerThread.java:268) - batch acquisition of 0 triggers
2015-01-14 14:20:46 DEBUG [main] (MySQLManager.java:41) - init mysql.
2015-01-14 14:20:46  INFO [main] (StdSchedulerFactory.java:1157) - Using default implementation for ThreadExecutor
2015-01-14 14:20:46  INFO [main] (SimpleThreadPool.java:271) - Job execution threads will use class loader of thread: main
2015-01-14 14:20:46  INFO [main] (SchedulerSignalerImpl.java:61) - Initialized Scheduler Signaller of type: class org.quartz.core.SchedulerSignalerImpl
2015-01-14 14:20:46  INFO [main] (QuartzScheduler.java:243) - Quartz Scheduler v.2.1.1 created.
2015-01-14 14:20:46  INFO [main] (RAMJobStore.java:154) - RAMJobStore initialized.
2015-01-14 14:20:46  INFO [main] (QuartzScheduler.java:268) - Scheduler meta-data: Quartz Scheduler (v2.1.1) 'DefaultQuartzScheduler' with instanceId 'NON_CLUSTERED'
  Scheduler class: 'org.quartz.core.QuartzScheduler' - running locally.
  NOT STARTED.
  Currently in standby mode.
  Number of jobs executed: 0
  Using thread pool 'org.quartz.simpl.SimpleThreadPool' - with 10 threads.
  Using job-store 'org.quartz.simpl.RAMJobStore' - which does not support persistence. and is not clustered.

2015-01-14 14:20:46  INFO [main] (StdSchedulerFactory.java:1306) - Quartz scheduler 'DefaultQuartzScheduler' initialized from default resource file in Quartz package: 'quartz.properties'
2015-01-14 14:20:46  INFO [main] (StdSchedulerFactory.java:1310) - Quartz scheduler version: 2.1.1
2015-01-14 14:20:46  INFO [main] (QuartzScheduler.java:534) - Scheduler DefaultQuartzScheduler_$_NON_CLUSTERED started.
2015-01-14 14:20:46 DEBUG [DefaultQuartzScheduler_QuartzSchedulerThread] (QuartzSchedulerThread.java:268) - batch acquisition of 0 triggers
2015-01-14 14:20:47 DEBUG [Timer-0] (UpdateChecker.java:54) - Checking for available updated version of Quartz...
2015-01-14 14:20:48  INFO [Timer-0] (UpdateChecker.java:84) - New Quartz update(s) found: 2.1.7 [http://www.terracotta.org/kit/reflector?kitID=default&pageID=QuartzChangeLog]
2015-01-14 14:21:12 DEBUG [DefaultQuartzScheduler_QuartzSchedulerThread] (QuartzSchedulerThread.java:268) - batch acquisition of 0 triggers
2015-01-14 14:21:37 DEBUG [DefaultQuartzScheduler_QuartzSchedulerThread] (QuartzSchedulerThread.java:268) - batch acquisition of 1 triggers
2015-01-14 14:22:00 DEBUG [DefaultQuartzScheduler_QuartzSchedulerThread] (SimpleJobFactory.java:51) - Producing instance of Job 'TTS_TRIGGERGROUP.TTS_JOB', class=com.tongbaotu.tts.job.TTSMailJob
2015-01-14 14:22:00 DEBUG [DefaultQuartzScheduler_QuartzSchedulerThread] (QuartzSchedulerThread.java:268) - batch acquisition of 0 triggers
2015-01-14 14:22:00 DEBUG [DefaultQuartzScheduler_Worker-1] (JobRunShell.java:212) - Calling execute on job TTS_TRIGGERGROUP.TTS_JOB
2015-01-14 14:22:29 DEBUG [DefaultQuartzScheduler_QuartzSchedulerThread] (QuartzSchedulerThread.java:268) - batch acquisition of 0 triggers
2015-01-14 14:22:48 DEBUG [DefaultQuartzScheduler_Worker-1] (Log4JLoggerFactory.java:81) - Could not find template in cache, creating new one; id=[mail-title.ftl[zh_CN,UTF-8,parsed] ]
2015-01-14 14:22:48 DEBUG [DefaultQuartzScheduler_Worker-1] (Log4JLoggerFactory.java:81) - Compiling FreeMarker template mail-title.ftl[zh_CN,UTF-8,parsed]  from file:/Users/tbt/Documents/workspace/tss/target/classes/resource/mail-title.ftl
2015-01-14 14:22:49 DEBUG [DefaultQuartzScheduler_Worker-1] (Log4JLoggerFactory.java:81) - Could not find template in cache, creating new one; id=[mail-body.ftl[zh_CN,UTF-8,parsed] ]
2015-01-14 14:22:49 DEBUG [DefaultQuartzScheduler_Worker-1] (Log4JLoggerFactory.java:81) - Compiling FreeMarker template mail-body.ftl[zh_CN,UTF-8,parsed]  from file:/Users/tbt/Documents/workspace/tss/target/classes/resource/mail-body.ftl
2015-01-14 14:22:49 ERROR [DefaultQuartzScheduler_Worker-1] (Log4JLoggerFactory.java:96) - 

Expression androidOpenCountTotal is undefined on line 72, column 11 in mail-body.ftl.
The problematic instruction:
----------
==> ${androidOpenCountTotal} [on line 72, column 9 in mail-body.ftl]
----------

Java backtrace for programmers:
----------
freemarker.core.InvalidReferenceException: Expression androidOpenCountTotal is undefined on line 72, column 11 in mail-body.ftl.
	at freemarker.core.TemplateObject.assertNonNull(TemplateObject.java:124)
	at freemarker.core.Expression.getStringValue(Expression.java:118)
	at freemarker.core.Expression.getStringValue(Expression.java:93)
	at freemarker.core.DollarVariable.accept(DollarVariable.java:76)
	at freemarker.core.Environment.visit(Environment.java:196)
	at freemarker.core.MixedContent.accept(MixedContent.java:92)
	at freemarker.core.Environment.visit(Environment.java:196)
	at freemarker.core.Environment.process(Environment.java:176)
	at freemarker.template.Template.process(Template.java:232)
	at com.tongbaotu.tts.mail.template.FreemarkerEmailTemplateService.getText(FreemarkerEmailTemplateService.java:78)
	at com.tongbaotu.tts.mail.TTSMailService.send(TTSMailService.java:85)
	at com.tongbaotu.tts.job.TTSMailJob.execute(TTSMailJob.java:72)
	at org.quartz.core.JobRunShell.run(JobRunShell.java:213)
	at org.quartz.simpl.SimpleThreadPool$WorkerThread.run(SimpleThreadPool.java:557)
2015-01-14 14:22:53 DEBUG [DefaultQuartzScheduler_QuartzSchedulerThread] (QuartzSchedulerThread.java:268) - batch acquisition of 0 triggers
2015-01-14 14:25:58 DEBUG [main] (MySQLManager.java:41) - init mysql.
2015-01-14 14:25:59  INFO [main] (StdSchedulerFactory.java:1157) - Using default implementation for ThreadExecutor
2015-01-14 14:25:59  INFO [main] (SimpleThreadPool.java:271) - Job execution threads will use class loader of thread: main
2015-01-14 14:25:59  INFO [main] (SchedulerSignalerImpl.java:61) - Initialized Scheduler Signaller of type: class org.quartz.core.SchedulerSignalerImpl
2015-01-14 14:25:59  INFO [main] (QuartzScheduler.java:243) - Quartz Scheduler v.2.1.1 created.
2015-01-14 14:25:59  INFO [main] (RAMJobStore.java:154) - RAMJobStore initialized.
2015-01-14 14:25:59  INFO [main] (QuartzScheduler.java:268) - Scheduler meta-data: Quartz Scheduler (v2.1.1) 'DefaultQuartzScheduler' with instanceId 'NON_CLUSTERED'
  Scheduler class: 'org.quartz.core.QuartzScheduler' - running locally.
  NOT STARTED.
  Currently in standby mode.
  Number of jobs executed: 0
  Using thread pool 'org.quartz.simpl.SimpleThreadPool' - with 10 threads.
  Using job-store 'org.quartz.simpl.RAMJobStore' - which does not support persistence. and is not clustered.

2015-01-14 14:25:59  INFO [main] (StdSchedulerFactory.java:1306) - Quartz scheduler 'DefaultQuartzScheduler' initialized from default resource file in Quartz package: 'quartz.properties'
2015-01-14 14:25:59  INFO [main] (StdSchedulerFactory.java:1310) - Quartz scheduler version: 2.1.1
2015-01-14 14:25:59  INFO [main] (QuartzScheduler.java:534) - Scheduler DefaultQuartzScheduler_$_NON_CLUSTERED started.
2015-01-14 14:25:59 DEBUG [DefaultQuartzScheduler_QuartzSchedulerThread] (QuartzSchedulerThread.java:268) - batch acquisition of 0 triggers
2015-01-14 14:26:00 DEBUG [Timer-0] (UpdateChecker.java:54) - Checking for available updated version of Quartz...
2015-01-14 14:26:02  INFO [Timer-0] (UpdateChecker.java:84) - New Quartz update(s) found: 2.1.7 [http://www.terracotta.org/kit/reflector?kitID=default&pageID=QuartzChangeLog]
2015-01-14 14:26:22 DEBUG [DefaultQuartzScheduler_QuartzSchedulerThread] (QuartzSchedulerThread.java:268) - batch acquisition of 0 triggers
2015-01-14 14:26:50 DEBUG [DefaultQuartzScheduler_QuartzSchedulerThread] (QuartzSchedulerThread.java:268) - batch acquisition of 1 triggers
2015-01-14 14:27:00 DEBUG [DefaultQuartzScheduler_QuartzSchedulerThread] (SimpleJobFactory.java:51) - Producing instance of Job 'TTS_TRIGGERGROUP.TTS_JOB', class=com.tongbaotu.tts.job.TTSMailJob
2015-01-14 14:27:00 DEBUG [DefaultQuartzScheduler_QuartzSchedulerThread] (QuartzSchedulerThread.java:268) - batch acquisition of 0 triggers
2015-01-14 14:27:00 DEBUG [DefaultQuartzScheduler_Worker-1] (JobRunShell.java:212) - Calling execute on job TTS_TRIGGERGROUP.TTS_JOB
2015-01-14 14:27:29 DEBUG [DefaultQuartzScheduler_QuartzSchedulerThread] (QuartzSchedulerThread.java:268) - batch acquisition of 0 triggers
2015-01-14 14:27:56 DEBUG [DefaultQuartzScheduler_QuartzSchedulerThread] (QuartzSchedulerThread.java:268) - batch acquisition of 0 triggers
2015-01-14 14:28:21 DEBUG [DefaultQuartzScheduler_QuartzSchedulerThread] (QuartzSchedulerThread.java:268) - batch acquisition of 0 triggers
2015-01-14 14:28:22 DEBUG [DefaultQuartzScheduler_Worker-1] (Log4JLoggerFactory.java:81) - Could not find template in cache, creating new one; id=[mail-title.ftl[zh_CN,UTF-8,parsed] ]
2015-01-14 14:28:22 DEBUG [DefaultQuartzScheduler_Worker-1] (Log4JLoggerFactory.java:81) - Compiling FreeMarker template mail-title.ftl[zh_CN,UTF-8,parsed]  from file:/Users/tbt/Documents/workspace/tss/target/classes/resource/mail-title.ftl
2015-01-14 14:28:23 DEBUG [DefaultQuartzScheduler_Worker-1] (Log4JLoggerFactory.java:81) - Could not find template in cache, creating new one; id=[mail-body.ftl[zh_CN,UTF-8,parsed] ]
2015-01-14 14:28:23 DEBUG [DefaultQuartzScheduler_Worker-1] (Log4JLoggerFactory.java:81) - Compiling FreeMarker template mail-body.ftl[zh_CN,UTF-8,parsed]  from file:/Users/tbt/Documents/workspace/tss/target/classes/resource/mail-body.ftl
2015-01-14 14:28:32 DEBUG [DefaultQuartzScheduler_Worker-1] (TTSMailService.java:93) - 发送成功
2015-01-14 14:28:47 DEBUG [DefaultQuartzScheduler_QuartzSchedulerThread] (QuartzSchedulerThread.java:268) - batch acquisition of 0 triggers
2015-01-14 14:29:12 DEBUG [DefaultQuartzScheduler_QuartzSchedulerThread] (QuartzSchedulerThread.java:268) - batch acquisition of 0 triggers
2015-01-14 14:29:39 DEBUG [DefaultQuartzScheduler_QuartzSchedulerThread] (QuartzSchedulerThread.java:268) - batch acquisition of 0 triggers
2015-01-14 14:30:05 DEBUG [DefaultQuartzScheduler_QuartzSchedulerThread] (QuartzSchedulerThread.java:268) - batch acquisition of 0 triggers
2015-01-14 14:30:35 DEBUG [DefaultQuartzScheduler_QuartzSchedulerThread] (QuartzSchedulerThread.java:268) - batch acquisition of 0 triggers
2015-01-14 14:31:02 DEBUG [DefaultQuartzScheduler_QuartzSchedulerThread] (QuartzSchedulerThread.java:268) - batch acquisition of 0 triggers
2015-01-14 14:31:25 DEBUG [DefaultQuartzScheduler_QuartzSchedulerThread] (QuartzSchedulerThread.java:268) - batch acquisition of 0 triggers
2015-01-14 14:31:48 DEBUG [DefaultQuartzScheduler_QuartzSchedulerThread] (QuartzSchedulerThread.java:268) - batch acquisition of 0 triggers
2015-01-14 14:32:18 DEBUG [DefaultQuartzScheduler_QuartzSchedulerThread] (QuartzSchedulerThread.java:268) - batch acquisition of 0 triggers
2015-01-14 14:32:41 DEBUG [DefaultQuartzScheduler_QuartzSchedulerThread] (QuartzSchedulerThread.java:268) - batch acquisition of 0 triggers
2015-01-14 14:33:09 DEBUG [DefaultQuartzScheduler_QuartzSchedulerThread] (QuartzSchedulerThread.java:268) - batch acquisition of 0 triggers
2015-01-14 14:33:37 DEBUG [DefaultQuartzScheduler_QuartzSchedulerThread] (QuartzSchedulerThread.java:268) - batch acquisition of 0 triggers
2015-01-14 14:34:02 DEBUG [main] (MySQLManager.java:41) - init mysql.
2015-01-14 14:34:02  INFO [main] (StdSchedulerFactory.java:1157) - Using default implementation for ThreadExecutor
2015-01-14 14:34:02  INFO [main] (SimpleThreadPool.java:271) - Job execution threads will use class loader of thread: main
2015-01-14 14:34:02  INFO [main] (SchedulerSignalerImpl.java:61) - Initialized Scheduler Signaller of type: class org.quartz.core.SchedulerSignalerImpl
2015-01-14 14:34:02  INFO [main] (QuartzScheduler.java:243) - Quartz Scheduler v.2.1.1 created.
2015-01-14 14:34:02  INFO [main] (RAMJobStore.java:154) - RAMJobStore initialized.
2015-01-14 14:34:02  INFO [main] (QuartzScheduler.java:268) - Scheduler meta-data: Quartz Scheduler (v2.1.1) 'DefaultQuartzScheduler' with instanceId 'NON_CLUSTERED'
  Scheduler class: 'org.quartz.core.QuartzScheduler' - running locally.
  NOT STARTED.
  Currently in standby mode.
  Number of jobs executed: 0
  Using thread pool 'org.quartz.simpl.SimpleThreadPool' - with 10 threads.
  Using job-store 'org.quartz.simpl.RAMJobStore' - which does not support persistence. and is not clustered.

2015-01-14 14:34:02  INFO [main] (StdSchedulerFactory.java:1306) - Quartz scheduler 'DefaultQuartzScheduler' initialized from default resource file in Quartz package: 'quartz.properties'
2015-01-14 14:34:02  INFO [main] (StdSchedulerFactory.java:1310) - Quartz scheduler version: 2.1.1
2015-01-14 14:34:02  INFO [main] (QuartzScheduler.java:534) - Scheduler DefaultQuartzScheduler_$_NON_CLUSTERED started.
2015-01-14 14:34:02 DEBUG [DefaultQuartzScheduler_QuartzSchedulerThread] (QuartzSchedulerThread.java:268) - batch acquisition of 0 triggers
2015-01-14 14:34:03 DEBUG [Timer-0] (UpdateChecker.java:54) - Checking for available updated version of Quartz...
2015-01-14 14:34:04  INFO [Timer-0] (UpdateChecker.java:84) - New Quartz update(s) found: 2.1.7 [http://www.terracotta.org/kit/reflector?kitID=default&pageID=QuartzChangeLog]
2015-01-14 14:34:32 DEBUG [DefaultQuartzScheduler_QuartzSchedulerThread] (QuartzSchedulerThread.java:268) - batch acquisition of 1 triggers
2015-01-14 14:35:00 DEBUG [DefaultQuartzScheduler_QuartzSchedulerThread] (SimpleJobFactory.java:51) - Producing instance of Job 'TTS_TRIGGERGROUP.TTS_JOB', class=com.tongbaotu.tts.job.TTSMailJob
2015-01-14 14:35:00 DEBUG [DefaultQuartzScheduler_QuartzSchedulerThread] (QuartzSchedulerThread.java:268) - batch acquisition of 0 triggers
2015-01-14 14:35:00 DEBUG [DefaultQuartzScheduler_Worker-1] (JobRunShell.java:212) - Calling execute on job TTS_TRIGGERGROUP.TTS_JOB
2015-01-14 14:35:00 DEBUG [DefaultQuartzScheduler_Worker-1] (Log4JLoggerFactory.java:81) - Could not find template in cache, creating new one; id=[mail-title.ftl[zh_CN,UTF-8,parsed] ]
2015-01-14 14:35:00 DEBUG [DefaultQuartzScheduler_Worker-1] (Log4JLoggerFactory.java:81) - Compiling FreeMarker template mail-title.ftl[zh_CN,UTF-8,parsed]  from file:/Users/tbt/Documents/workspace/tss/target/classes/resource/mail-title.ftl
2015-01-14 14:35:00 DEBUG [DefaultQuartzScheduler_Worker-1] (Log4JLoggerFactory.java:81) - Could not find template in cache, creating new one; id=[mail-body.ftl[zh_CN,UTF-8,parsed] ]
2015-01-14 14:35:00 DEBUG [DefaultQuartzScheduler_Worker-1] (Log4JLoggerFactory.java:81) - Compiling FreeMarker template mail-body.ftl[zh_CN,UTF-8,parsed]  from file:/Users/tbt/Documents/workspace/tss/target/classes/resource/mail-body.ftl
2015-01-14 14:35:02 DEBUG [DefaultQuartzScheduler_Worker-1] (TTSMailService.java:93) - 发送成功
2015-01-14 14:35:29 DEBUG [DefaultQuartzScheduler_QuartzSchedulerThread] (QuartzSchedulerThread.java:268) - batch acquisition of 0 triggers
2015-01-14 14:35:57 DEBUG [DefaultQuartzScheduler_QuartzSchedulerThread] (QuartzSchedulerThread.java:268) - batch acquisition of 0 triggers
2015-01-14 14:36:22 DEBUG [DefaultQuartzScheduler_QuartzSchedulerThread] (QuartzSchedulerThread.java:268) - batch acquisition of 0 triggers
2015-01-14 14:36:49 DEBUG [DefaultQuartzScheduler_QuartzSchedulerThread] (QuartzSchedulerThread.java:268) - batch acquisition of 0 triggers
2015-01-14 14:37:13 DEBUG [DefaultQuartzScheduler_QuartzSchedulerThread] (QuartzSchedulerThread.java:268) - batch acquisition of 0 triggers
2015-01-14 14:37:34 DEBUG [main] (MySQLManager.java:41) - init mysql.
2015-01-14 14:37:34  INFO [main] (StdSchedulerFactory.java:1157) - Using default implementation for ThreadExecutor
2015-01-14 14:37:34  INFO [main] (SimpleThreadPool.java:271) - Job execution threads will use class loader of thread: main
2015-01-14 14:37:34  INFO [main] (SchedulerSignalerImpl.java:61) - Initialized Scheduler Signaller of type: class org.quartz.core.SchedulerSignalerImpl
2015-01-14 14:37:34  INFO [main] (QuartzScheduler.java:243) - Quartz Scheduler v.2.1.1 created.
2015-01-14 14:37:34  INFO [main] (RAMJobStore.java:154) - RAMJobStore initialized.
2015-01-14 14:37:34  INFO [main] (QuartzScheduler.java:268) - Scheduler meta-data: Quartz Scheduler (v2.1.1) 'DefaultQuartzScheduler' with instanceId 'NON_CLUSTERED'
  Scheduler class: 'org.quartz.core.QuartzScheduler' - running locally.
  NOT STARTED.
  Currently in standby mode.
  Number of jobs executed: 0
  Using thread pool 'org.quartz.simpl.SimpleThreadPool' - with 10 threads.
  Using job-store 'org.quartz.simpl.RAMJobStore' - which does not support persistence. and is not clustered.

2015-01-14 14:37:34  INFO [main] (StdSchedulerFactory.java:1306) - Quartz scheduler 'DefaultQuartzScheduler' initialized from default resource file in Quartz package: 'quartz.properties'
2015-01-14 14:37:34  INFO [main] (StdSchedulerFactory.java:1310) - Quartz scheduler version: 2.1.1
2015-01-14 14:37:34  INFO [main] (QuartzScheduler.java:534) - Scheduler DefaultQuartzScheduler_$_NON_CLUSTERED started.
2015-01-14 14:37:34 DEBUG [DefaultQuartzScheduler_QuartzSchedulerThread] (QuartzSchedulerThread.java:268) - batch acquisition of 0 triggers
2015-01-14 14:37:35 DEBUG [Timer-0] (UpdateChecker.java:54) - Checking for available updated version of Quartz...
2015-01-14 14:37:36  INFO [Timer-0] (UpdateChecker.java:84) - New Quartz update(s) found: 2.1.7 [http://www.terracotta.org/kit/reflector?kitID=default&pageID=QuartzChangeLog]
2015-01-14 14:37:57 DEBUG [DefaultQuartzScheduler_QuartzSchedulerThread] (QuartzSchedulerThread.java:268) - batch acquisition of 0 triggers
2015-01-14 14:38:22 DEBUG [DefaultQuartzScheduler_QuartzSchedulerThread] (QuartzSchedulerThread.java:268) - batch acquisition of 0 triggers
2015-01-14 14:38:47 DEBUG [DefaultQuartzScheduler_QuartzSchedulerThread] (QuartzSchedulerThread.java:268) - batch acquisition of 1 triggers
2015-01-14 14:39:00 DEBUG [DefaultQuartzScheduler_QuartzSchedulerThread] (SimpleJobFactory.java:51) - Producing instance of Job 'TTS_TRIGGERGROUP.TTS_JOB', class=com.tongbaotu.tts.job.TTSMailJob
2015-01-14 14:39:00 DEBUG [DefaultQuartzScheduler_QuartzSchedulerThread] (QuartzSchedulerThread.java:268) - batch acquisition of 0 triggers
2015-01-14 14:39:00 DEBUG [DefaultQuartzScheduler_Worker-1] (JobRunShell.java:212) - Calling execute on job TTS_TRIGGERGROUP.TTS_JOB
2015-01-14 14:39:00 DEBUG [DefaultQuartzScheduler_Worker-1] (Log4JLoggerFactory.java:81) - Could not find template in cache, creating new one; id=[mail-title.ftl[zh_CN,UTF-8,parsed] ]
2015-01-14 14:39:00 DEBUG [DefaultQuartzScheduler_Worker-1] (Log4JLoggerFactory.java:81) - Compiling FreeMarker template mail-title.ftl[zh_CN,UTF-8,parsed]  from file:/Users/tbt/Documents/workspace/tss/target/classes/resource/mail-title.ftl
2015-01-14 14:39:00 DEBUG [DefaultQuartzScheduler_Worker-1] (Log4JLoggerFactory.java:81) - Could not find template in cache, creating new one; id=[mail-body.ftl[zh_CN,UTF-8,parsed] ]
2015-01-14 14:39:00 DEBUG [DefaultQuartzScheduler_Worker-1] (Log4JLoggerFactory.java:81) - Compiling FreeMarker template mail-body.ftl[zh_CN,UTF-8,parsed]  from file:/Users/tbt/Documents/workspace/tss/target/classes/resource/mail-body.ftl
2015-01-14 14:39:03 DEBUG [DefaultQuartzScheduler_Worker-1] (TTSMailService.java:93) - 发送成功
2015-01-14 14:39:27 DEBUG [DefaultQuartzScheduler_QuartzSchedulerThread] (QuartzSchedulerThread.java:268) - batch acquisition of 0 triggers
2015-01-14 14:39:52 DEBUG [DefaultQuartzScheduler_QuartzSchedulerThread] (QuartzSchedulerThread.java:268) - batch acquisition of 0 triggers
2015-01-14 14:40:19 DEBUG [DefaultQuartzScheduler_QuartzSchedulerThread] (QuartzSchedulerThread.java:268) - batch acquisition of 0 triggers
2015-01-14 14:40:47 DEBUG [DefaultQuartzScheduler_QuartzSchedulerThread] (QuartzSchedulerThread.java:268) - batch acquisition of 0 triggers
2015-01-14 14:41:15 DEBUG [DefaultQuartzScheduler_QuartzSchedulerThread] (QuartzSchedulerThread.java:268) - batch acquisition of 0 triggers
2015-01-14 14:41:42 DEBUG [DefaultQuartzScheduler_QuartzSchedulerThread] (QuartzSchedulerThread.java:268) - batch acquisition of 0 triggers
2015-01-14 14:42:10 DEBUG [DefaultQuartzScheduler_QuartzSchedulerThread] (QuartzSchedulerThread.java:268) - batch acquisition of 0 triggers
2015-01-14 14:42:36 DEBUG [DefaultQuartzScheduler_QuartzSchedulerThread] (QuartzSchedulerThread.java:268) - batch acquisition of 0 triggers
2015-01-14 14:43:01 DEBUG [DefaultQuartzScheduler_QuartzSchedulerThread] (QuartzSchedulerThread.java:268) - batch acquisition of 0 triggers
2015-01-14 14:43:25 DEBUG [DefaultQuartzScheduler_QuartzSchedulerThread] (QuartzSchedulerThread.java:268) - batch acquisition of 0 triggers
2015-01-14 14:43:53 DEBUG [DefaultQuartzScheduler_QuartzSchedulerThread] (QuartzSchedulerThread.java:268) - batch acquisition of 0 triggers
2015-01-14 14:44:16 DEBUG [DefaultQuartzScheduler_QuartzSchedulerThread] (QuartzSchedulerThread.java:268) - batch acquisition of 0 triggers
2015-01-14 14:44:42 DEBUG [DefaultQuartzScheduler_QuartzSchedulerThread] (QuartzSchedulerThread.java:268) - batch acquisition of 0 triggers
2015-01-14 14:45:10 DEBUG [DefaultQuartzScheduler_QuartzSchedulerThread] (QuartzSchedulerThread.java:268) - batch acquisition of 0 triggers
2015-01-14 14:45:38 DEBUG [DefaultQuartzScheduler_QuartzSchedulerThread] (QuartzSchedulerThread.java:268) - batch acquisition of 0 triggers
2015-01-14 14:46:05 DEBUG [DefaultQuartzScheduler_QuartzSchedulerThread] (QuartzSchedulerThread.java:268) - batch acquisition of 0 triggers
2015-01-14 14:46:31 DEBUG [DefaultQuartzScheduler_QuartzSchedulerThread] (QuartzSchedulerThread.java:268) - batch acquisition of 0 triggers
2015-01-14 14:46:58 DEBUG [DefaultQuartzScheduler_QuartzSchedulerThread] (QuartzSchedulerThread.java:268) - batch acquisition of 0 triggers
2015-01-14 14:47:26 DEBUG [DefaultQuartzScheduler_QuartzSchedulerThread] (QuartzSchedulerThread.java:268) - batch acquisition of 0 triggers
2015-01-14 14:47:55 DEBUG [DefaultQuartzScheduler_QuartzSchedulerThread] (QuartzSchedulerThread.java:268) - batch acquisition of 0 triggers
2015-01-14 14:48:23 DEBUG [DefaultQuartzScheduler_QuartzSchedulerThread] (QuartzSchedulerThread.java:268) - batch acquisition of 0 triggers
2015-01-14 14:48:47 DEBUG [DefaultQuartzScheduler_QuartzSchedulerThread] (QuartzSchedulerThread.java:268) - batch acquisition of 0 triggers
2015-01-14 14:49:12 DEBUG [DefaultQuartzScheduler_QuartzSchedulerThread] (QuartzSchedulerThread.java:268) - batch acquisition of 0 triggers
2015-01-14 14:49:41 DEBUG [DefaultQuartzScheduler_QuartzSchedulerThread] (QuartzSchedulerThread.java:268) - batch acquisition of 0 triggers
2015-01-14 14:50:09 DEBUG [DefaultQuartzScheduler_QuartzSchedulerThread] (QuartzSchedulerThread.java:268) - batch acquisition of 0 triggers
2015-01-14 14:50:39 DEBUG [DefaultQuartzScheduler_QuartzSchedulerThread] (QuartzSchedulerThread.java:268) - batch acquisition of 0 triggers
2015-01-14 14:51:04 DEBUG [DefaultQuartzScheduler_QuartzSchedulerThread] (QuartzSchedulerThread.java:268) - batch acquisition of 0 triggers
2015-01-14 14:51:33 DEBUG [DefaultQuartzScheduler_QuartzSchedulerThread] (QuartzSchedulerThread.java:268) - batch acquisition of 0 triggers
2015-01-14 14:52:01 DEBUG [DefaultQuartzScheduler_QuartzSchedulerThread] (QuartzSchedulerThread.java:268) - batch acquisition of 0 triggers
2015-01-14 14:52:30 DEBUG [DefaultQuartzScheduler_QuartzSchedulerThread] (QuartzSchedulerThread.java:268) - batch acquisition of 0 triggers
2015-01-14 14:52:59 DEBUG [DefaultQuartzScheduler_QuartzSchedulerThread] (QuartzSchedulerThread.java:268) - batch acquisition of 0 triggers
2015-01-14 14:53:26 DEBUG [DefaultQuartzScheduler_QuartzSchedulerThread] (QuartzSchedulerThread.java:268) - batch acquisition of 0 triggers
2015-01-14 14:53:53 DEBUG [DefaultQuartzScheduler_QuartzSchedulerThread] (QuartzSchedulerThread.java:268) - batch acquisition of 0 triggers
2015-01-14 14:54:20 DEBUG [DefaultQuartzScheduler_QuartzSchedulerThread] (QuartzSchedulerThread.java:268) - batch acquisition of 0 triggers
2015-01-14 14:54:44 DEBUG [DefaultQuartzScheduler_QuartzSchedulerThread] (QuartzSchedulerThread.java:268) - batch acquisition of 0 triggers
2015-01-14 14:55:13 DEBUG [DefaultQuartzScheduler_QuartzSchedulerThread] (QuartzSchedulerThread.java:268) - batch acquisition of 0 triggers
2015-01-14 14:55:37 DEBUG [main] (MySQLManager.java:41) - init mysql.
2015-01-14 14:55:37  INFO [main] (StdSchedulerFactory.java:1157) - Using default implementation for ThreadExecutor
2015-01-14 14:55:37  INFO [main] (SimpleThreadPool.java:271) - Job execution threads will use class loader of thread: main
2015-01-14 14:55:37  INFO [main] (SchedulerSignalerImpl.java:61) - Initialized Scheduler Signaller of type: class org.quartz.core.SchedulerSignalerImpl
2015-01-14 14:55:37  INFO [main] (QuartzScheduler.java:243) - Quartz Scheduler v.2.1.1 created.
2015-01-14 14:55:37  INFO [main] (RAMJobStore.java:154) - RAMJobStore initialized.
2015-01-14 14:55:37  INFO [main] (QuartzScheduler.java:268) - Scheduler meta-data: Quartz Scheduler (v2.1.1) 'DefaultQuartzScheduler' with instanceId 'NON_CLUSTERED'
  Scheduler class: 'org.quartz.core.QuartzScheduler' - running locally.
  NOT STARTED.
  Currently in standby mode.
  Number of jobs executed: 0
  Using thread pool 'org.quartz.simpl.SimpleThreadPool' - with 10 threads.
  Using job-store 'org.quartz.simpl.RAMJobStore' - which does not support persistence. and is not clustered.

2015-01-14 14:55:37  INFO [main] (StdSchedulerFactory.java:1306) - Quartz scheduler 'DefaultQuartzScheduler' initialized from default resource file in Quartz package: 'quartz.properties'
2015-01-14 14:55:37  INFO [main] (StdSchedulerFactory.java:1310) - Quartz scheduler version: 2.1.1
2015-01-14 14:55:37  INFO [main] (QuartzScheduler.java:534) - Scheduler DefaultQuartzScheduler_$_NON_CLUSTERED started.
2015-01-14 14:55:37 DEBUG [DefaultQuartzScheduler_QuartzSchedulerThread] (QuartzSchedulerThread.java:268) - batch acquisition of 0 triggers
2015-01-14 14:55:38 DEBUG [Timer-0] (UpdateChecker.java:54) - Checking for available updated version of Quartz...
2015-01-14 14:55:39  INFO [Timer-0] (UpdateChecker.java:84) - New Quartz update(s) found: 2.1.7 [http://www.terracotta.org/kit/reflector?kitID=default&pageID=QuartzChangeLog]
2015-01-14 14:56:03 DEBUG [DefaultQuartzScheduler_QuartzSchedulerThread] (QuartzSchedulerThread.java:268) - batch acquisition of 0 triggers
2015-01-14 14:56:30 DEBUG [DefaultQuartzScheduler_QuartzSchedulerThread] (QuartzSchedulerThread.java:268) - batch acquisition of 1 triggers
2015-01-14 14:57:00 DEBUG [DefaultQuartzScheduler_QuartzSchedulerThread] (SimpleJobFactory.java:51) - Producing instance of Job 'TTS_TRIGGERGROUP.TTS_JOB', class=com.tongbaotu.tts.job.TTSMailJob
2015-01-14 14:57:00 DEBUG [DefaultQuartzScheduler_QuartzSchedulerThread] (QuartzSchedulerThread.java:268) - batch acquisition of 0 triggers
2015-01-14 14:57:00 DEBUG [DefaultQuartzScheduler_Worker-1] (JobRunShell.java:212) - Calling execute on job TTS_TRIGGERGROUP.TTS_JOB
2015-01-14 14:57:00 DEBUG [DefaultQuartzScheduler_Worker-1] (Log4JLoggerFactory.java:81) - Could not find template in cache, creating new one; id=[mail-title.ftl[zh_CN,UTF-8,parsed] ]
2015-01-14 14:57:00 DEBUG [DefaultQuartzScheduler_Worker-1] (Log4JLoggerFactory.java:81) - Compiling FreeMarker template mail-title.ftl[zh_CN,UTF-8,parsed]  from file:/Users/tbt/Documents/workspace/tss/target/classes/resource/mail-title.ftl
2015-01-14 14:57:00 DEBUG [DefaultQuartzScheduler_Worker-1] (Log4JLoggerFactory.java:81) - Could not find template in cache, creating new one; id=[mail-body.ftl[zh_CN,UTF-8,parsed] ]
2015-01-14 14:57:00 DEBUG [DefaultQuartzScheduler_Worker-1] (Log4JLoggerFactory.java:81) - Compiling FreeMarker template mail-body.ftl[zh_CN,UTF-8,parsed]  from file:/Users/tbt/Documents/workspace/tss/target/classes/resource/mail-body.ftl
2015-01-14 14:57:03 DEBUG [DefaultQuartzScheduler_Worker-1] (TTSMailService.java:93) - 发送成功
2015-01-14 14:57:25 DEBUG [DefaultQuartzScheduler_QuartzSchedulerThread] (QuartzSchedulerThread.java:268) - batch acquisition of 0 triggers
2015-01-14 14:57:53 DEBUG [DefaultQuartzScheduler_QuartzSchedulerThread] (QuartzSchedulerThread.java:268) - batch acquisition of 0 triggers
2015-01-14 14:58:19 DEBUG [main] (MySQLManager.java:41) - init mysql.
2015-01-14 14:58:19  INFO [main] (StdSchedulerFactory.java:1157) - Using default implementation for ThreadExecutor
2015-01-14 14:58:19  INFO [main] (SimpleThreadPool.java:271) - Job execution threads will use class loader of thread: main
2015-01-14 14:58:19  INFO [main] (SchedulerSignalerImpl.java:61) - Initialized Scheduler Signaller of type: class org.quartz.core.SchedulerSignalerImpl
2015-01-14 14:58:19  INFO [main] (QuartzScheduler.java:243) - Quartz Scheduler v.2.1.1 created.
2015-01-14 14:58:19  INFO [main] (RAMJobStore.java:154) - RAMJobStore initialized.
2015-01-14 14:58:19  INFO [main] (QuartzScheduler.java:268) - Scheduler meta-data: Quartz Scheduler (v2.1.1) 'DefaultQuartzScheduler' with instanceId 'NON_CLUSTERED'
  Scheduler class: 'org.quartz.core.QuartzScheduler' - running locally.
  NOT STARTED.
  Currently in standby mode.
  Number of jobs executed: 0
  Using thread pool 'org.quartz.simpl.SimpleThreadPool' - with 10 threads.
  Using job-store 'org.quartz.simpl.RAMJobStore' - which does not support persistence. and is not clustered.

2015-01-14 14:58:19  INFO [main] (StdSchedulerFactory.java:1306) - Quartz scheduler 'DefaultQuartzScheduler' initialized from default resource file in Quartz package: 'quartz.properties'
2015-01-14 14:58:19  INFO [main] (StdSchedulerFactory.java:1310) - Quartz scheduler version: 2.1.1
2015-01-14 14:58:19  INFO [main] (QuartzScheduler.java:534) - Scheduler DefaultQuartzScheduler_$_NON_CLUSTERED started.
2015-01-14 14:58:19 DEBUG [DefaultQuartzScheduler_QuartzSchedulerThread] (QuartzSchedulerThread.java:268) - batch acquisition of 0 triggers
2015-01-14 14:58:20 DEBUG [Timer-0] (UpdateChecker.java:54) - Checking for available updated version of Quartz...
2015-01-14 14:58:21  INFO [Timer-0] (UpdateChecker.java:84) - New Quartz update(s) found: 2.1.7 [http://www.terracotta.org/kit/reflector?kitID=default&pageID=QuartzChangeLog]
2015-01-14 14:58:48 DEBUG [DefaultQuartzScheduler_QuartzSchedulerThread] (QuartzSchedulerThread.java:268) - batch acquisition of 1 triggers
2015-01-14 14:59:00 DEBUG [DefaultQuartzScheduler_QuartzSchedulerThread] (SimpleJobFactory.java:51) - Producing instance of Job 'TTS_TRIGGERGROUP.TTS_JOB', class=com.tongbaotu.tts.job.TTSMailJob
2015-01-14 14:59:00 DEBUG [DefaultQuartzScheduler_QuartzSchedulerThread] (QuartzSchedulerThread.java:268) - batch acquisition of 0 triggers
2015-01-14 14:59:00 DEBUG [DefaultQuartzScheduler_Worker-1] (JobRunShell.java:212) - Calling execute on job TTS_TRIGGERGROUP.TTS_JOB
2015-01-14 14:59:00 DEBUG [DefaultQuartzScheduler_Worker-1] (Log4JLoggerFactory.java:81) - Could not find template in cache, creating new one; id=[mail-title.ftl[zh_CN,UTF-8,parsed] ]
2015-01-14 14:59:00 DEBUG [DefaultQuartzScheduler_Worker-1] (Log4JLoggerFactory.java:81) - Compiling FreeMarker template mail-title.ftl[zh_CN,UTF-8,parsed]  from file:/Users/tbt/Documents/workspace/tss/target/classes/resource/mail-title.ftl
2015-01-14 14:59:00 DEBUG [DefaultQuartzScheduler_Worker-1] (Log4JLoggerFactory.java:81) - Could not find template in cache, creating new one; id=[mail-body.ftl[zh_CN,UTF-8,parsed] ]
2015-01-14 14:59:00 DEBUG [DefaultQuartzScheduler_Worker-1] (Log4JLoggerFactory.java:81) - Compiling FreeMarker template mail-body.ftl[zh_CN,UTF-8,parsed]  from file:/Users/tbt/Documents/workspace/tss/target/classes/resource/mail-body.ftl
2015-01-14 14:59:03 DEBUG [DefaultQuartzScheduler_Worker-1] (TTSMailService.java:93) - 发送成功
2015-01-14 14:59:24 DEBUG [DefaultQuartzScheduler_QuartzSchedulerThread] (QuartzSchedulerThread.java:268) - batch acquisition of 0 triggers
2015-01-14 14:59:47 DEBUG [DefaultQuartzScheduler_QuartzSchedulerThread] (QuartzSchedulerThread.java:268) - batch acquisition of 0 triggers
2015-01-14 15:00:17 DEBUG [DefaultQuartzScheduler_QuartzSchedulerThread] (QuartzSchedulerThread.java:268) - batch acquisition of 0 triggers
2015-01-14 15:00:44 DEBUG [DefaultQuartzScheduler_QuartzSchedulerThread] (QuartzSchedulerThread.java:268) - batch acquisition of 0 triggers
2015-01-14 15:01:11 DEBUG [DefaultQuartzScheduler_QuartzSchedulerThread] (QuartzSchedulerThread.java:268) - batch acquisition of 0 triggers
2015-01-14 15:01:36 DEBUG [DefaultQuartzScheduler_QuartzSchedulerThread] (QuartzSchedulerThread.java:268) - batch acquisition of 0 triggers
2015-01-14 15:02:02 DEBUG [DefaultQuartzScheduler_QuartzSchedulerThread] (QuartzSchedulerThread.java:268) - batch acquisition of 0 triggers
2015-01-14 15:02:30 DEBUG [DefaultQuartzScheduler_QuartzSchedulerThread] (QuartzSchedulerThread.java:268) - batch acquisition of 0 triggers
2015-01-14 15:02:54 DEBUG [DefaultQuartzScheduler_QuartzSchedulerThread] (QuartzSchedulerThread.java:268) - batch acquisition of 0 triggers
2015-01-14 15:03:24 DEBUG [DefaultQuartzScheduler_QuartzSchedulerThread] (QuartzSchedulerThread.java:268) - batch acquisition of 0 triggers
2015-01-14 15:14:02 DEBUG [main] (MySQLManager.java:41) - init mysql.
2015-01-14 15:14:47 DEBUG [main] (MySQLManager.java:41) - init mysql.
2015-01-14 15:14:53 ERROR [Thread-3] (TTSGather.java:24) - Gather Exception:TTSException RealTimeEngine SQL Error:Duplicate entry 'androidOpenCount-20150114' for key 'PRIMARY'
2015-01-14 15:15:48 DEBUG [main] (MySQLManager.java:41) - init mysql.
2015-01-14 15:16:09 DEBUG [main] (MySQLManager.java:41) - init mysql.
2015-01-14 15:16:25 DEBUG [main] (MySQLManager.java:41) - init mysql.
2015-01-14 15:17:04 DEBUG [main] (MySQLManager.java:41) - init mysql.
2015-01-14 15:22:43 DEBUG [main] (MySQLManager.java:41) - init mysql.
2015-01-14 15:23:17 DEBUG [main] (MySQLManager.java:41) - init mysql.
2015-01-14 15:23:18 ERROR [Thread-4] (TTSGather.java:24) - Gather Exception:TTSException RealTimeEngine SQL Error:Duplicate entry 'isoInstallsCount-20150114' for key 'PRIMARY'
2015-01-14 15:23:36 DEBUG [main] (MySQLManager.java:41) - init mysql.
2015-01-14 15:23:37 ERROR [Thread-4] (TTSGather.java:24) - Gather Exception:TTSException RealTimeEngine SQL Error:Duplicate entry 'isoOpenCount-20150114' for key 'PRIMARY'
2015-01-14 15:23:59 DEBUG [main] (MySQLManager.java:41) - init mysql.
2015-01-14 15:24:00 ERROR [Thread-4] (TTSGather.java:24) - Gather Exception:TTSException RealTimeEngine SQL Error:Duplicate entry 'isoRegistrationCount-20150114' for key 'PRIMARY'
2015-01-14 15:24:48 DEBUG [main] (MySQLManager.java:41) - init mysql.
2015-01-14 15:25:07 DEBUG [main] (MySQLManager.java:41) - init mysql.
2015-01-14 15:25:15 ERROR [Thread-4] (TTSGather.java:24) - Gather Exception:TTSException RealTimeEngine SQL Error:Duplicate entry 'isoOpenCount-20150114' for key 'PRIMARY'
2015-01-14 15:29:31 DEBUG [main] (MySQLManager.java:41) - init mysql.
2015-01-14 15:30:08 DEBUG [main] (MySQLManager.java:41) - init mysql.
2015-01-14 15:31:09 DEBUG [main] (MySQLManager.java:41) - init mysql.
2015-01-14 15:31:10 ERROR [Thread-3] (TTSGather.java:24) - Gather Exception:TTSException RealTimeEngine SQL Error:Duplicate entry 'androidOrderCount-20150114' for key 'PRIMARY'
2015-01-14 15:32:25 DEBUG [main] (MySQLManager.java:41) - init mysql.
2015-01-14 15:32:29 ERROR [Thread-3] (TTSGather.java:24) - Gather Exception:TTSException RealTimeEngine SQL Error:Duplicate entry 'androidInstallsCount-20150114' for key 'PRIMARY'
2015-01-14 15:33:32 DEBUG [main] (MySQLManager.java:41) - init mysql.
2015-01-14 15:34:22 DEBUG [main] (MySQLManager.java:41) - init mysql.
2015-01-14 15:34:40 DEBUG [main] (MySQLManager.java:41) - init mysql.
2015-01-14 15:35:40 DEBUG [main] (MySQLManager.java:41) - init mysql.
2015-01-14 15:36:29 DEBUG [main] (MySQLManager.java:41) - init mysql.
2015-01-14 15:36:33 ERROR [Thread-3] (TTSGather.java:24) - Gather Exception:TTSException RealTimeEngine SQL Error:Duplicate entry 'androidInstallsCount-20150114' for key 'PRIMARY'
2015-01-14 15:36:50 DEBUG [main] (MySQLManager.java:41) - init mysql.
2015-01-14 15:37:15 ERROR [Thread-3] (TTSGather.java:24) - Gather Exception:TTSException RealTimeEngine SQL Error:Duplicate entry 'androidOpenCount-20150114' for key 'PRIMARY'
2015-01-14 15:37:34 DEBUG [main] (MySQLManager.java:41) - init mysql.
2015-01-14 15:37:46 DEBUG [main] (MySQLManager.java:41) - init mysql.
2015-01-14 15:37:47 ERROR [Thread-3] (TTSGather.java:24) - Gather Exception:TTSException RealTimeEngine SQL Error:Duplicate entry 'androidInstallsCount-20150114' for key 'PRIMARY'
2015-01-14 15:38:08 DEBUG [main] (MySQLManager.java:41) - init mysql.
2015-01-14 15:38:20 DEBUG [main] (MySQLManager.java:41) - init mysql.
2015-01-14 15:38:36 DEBUG [main] (MySQLManager.java:41) - init mysql.
2015-01-14 15:41:20 DEBUG [main] (MySQLManager.java:41) - init mysql.
2015-01-14 15:41:39 DEBUG [main] (MySQLManager.java:41) - init mysql.
2015-01-14 15:43:13 DEBUG [main] (MySQLManager.java:41) - init mysql.
2015-01-14 15:43:44 DEBUG [main] (MySQLManager.java:41) - init mysql.
2015-01-14 15:44:08 DEBUG [main] (MySQLManager.java:41) - init mysql.
2015-01-14 15:46:10 DEBUG [main] (MySQLManager.java:41) - init mysql.
2015-01-14 15:47:54 DEBUG [main] (MySQLManager.java:41) - init mysql.
2015-01-14 15:48:18 DEBUG [main] (MySQLManager.java:41) - init mysql.
2015-01-14 15:48:53 DEBUG [main] (MySQLManager.java:41) - init mysql.
2015-01-14 15:49:21 ERROR [Thread-3] (TTSGather.java:24) - Gather Exception:TTSException RealTimeEngine SQL Error:Duplicate entry 'androidInstallsCount-20150114' for key 'PRIMARY'
2015-01-14 15:49:48 DEBUG [main] (MySQLManager.java:41) - init mysql.
2015-01-14 15:50:45 DEBUG [main] (MySQLManager.java:41) - init mysql.
2015-01-14 15:50:45  WARN [Thread-4] (JedisManager.java:67) - get redis resource exception
2015-01-14 15:50:45  WARN [main] (JedisManager.java:67) - get redis resource exception
2015-01-14 15:50:45  WARN [Thread-5] (JedisManager.java:67) - get redis resource exception
2015-01-14 15:50:45  WARN [Thread-5] (JedisManager.java:67) - get redis resource exception
2015-01-14 15:50:45  WARN [Thread-3] (JedisManager.java:67) - get redis resource exception
2015-01-14 15:50:45  WARN [main] (JedisManager.java:67) - get redis resource exception
2015-01-14 15:50:45  WARN [Thread-4] (JedisManager.java:67) - get redis resource exception
2015-01-14 15:50:45  WARN [main] (JedisManager.java:67) - get redis resource exception
2015-01-14 15:50:45  WARN [Thread-5] (JedisManager.java:67) - get redis resource exception
2015-01-14 15:50:45  WARN [Thread-4] (JedisManager.java:67) - get redis resource exception
2015-01-14 15:50:45  WARN [Thread-3] (JedisManager.java:67) - get redis resource exception
2015-01-14 15:50:45  WARN [Thread-3] (JedisManager.java:67) - get redis resource exception
2015-01-14 15:52:41 DEBUG [main] (MySQLManager.java:41) - init mysql.
2015-01-14 15:52:56 ERROR [Thread-3] (TTSGather.java:24) - Gather Exception:TTSException RealTimeEngine SQL Error:Duplicate entry 'androidInstallsCount-20150114' for key 'PRIMARY'
2015-01-14 15:54:49 DEBUG [main] (MySQLManager.java:41) - init mysql.
2015-01-14 16:16:30 DEBUG [main] (MySQLManager.java:41) - init mysql.
2015-01-14 16:19:52 DEBUG [main] (MySQLManager.java:41) - init mysql.
2015-01-14 16:23:21 DEBUG [main] (MySQLManager.java:41) - init mysql.
2015-01-14 16:25:55 DEBUG [main] (MySQLManager.java:41) - init mysql.
2015-01-14 16:27:09 DEBUG [main] (MySQLManager.java:41) - init mysql.
2015-01-14 16:33:08 DEBUG [main] (MySQLManager.java:41) - init mysql.
2015-01-14 16:33:29 DEBUG [main] (MySQLManager.java:41) - init mysql.
2015-01-14 16:51:48 DEBUG [main] (MySQLManager.java:41) - init mysql.
2015-01-14 16:52:52 DEBUG [main] (MySQLManager.java:41) - init mysql.
2015-01-14 16:55:21 DEBUG [main] (MySQLManager.java:41) - init mysql.
2015-01-14 16:57:23 DEBUG [main] (MySQLManager.java:41) - init mysql.
2015-01-14 16:57:43 DEBUG [main] (MySQLManager.java:41) - init mysql.
2015-01-14 16:58:57 DEBUG [main] (MySQLManager.java:41) - init mysql.
2015-01-14 16:58:58  INFO [main] (StdSchedulerFactory.java:1157) - Using default implementation for ThreadExecutor
2015-01-14 16:58:58  INFO [main] (SimpleThreadPool.java:271) - Job execution threads will use class loader of thread: main
2015-01-14 16:58:58  INFO [main] (SchedulerSignalerImpl.java:61) - Initialized Scheduler Signaller of type: class org.quartz.core.SchedulerSignalerImpl
2015-01-14 16:58:58  INFO [main] (QuartzScheduler.java:243) - Quartz Scheduler v.2.1.1 created.
2015-01-14 16:58:58  INFO [main] (RAMJobStore.java:154) - RAMJobStore initialized.
2015-01-14 16:58:58  INFO [main] (QuartzScheduler.java:268) - Scheduler meta-data: Quartz Scheduler (v2.1.1) 'DefaultQuartzScheduler' with instanceId 'NON_CLUSTERED'
  Scheduler class: 'org.quartz.core.QuartzScheduler' - running locally.
  NOT STARTED.
  Currently in standby mode.
  Number of jobs executed: 0
  Using thread pool 'org.quartz.simpl.SimpleThreadPool' - with 10 threads.
  Using job-store 'org.quartz.simpl.RAMJobStore' - which does not support persistence. and is not clustered.

2015-01-14 16:58:58  INFO [main] (StdSchedulerFactory.java:1306) - Quartz scheduler 'DefaultQuartzScheduler' initialized from default resource file in Quartz package: 'quartz.properties'
2015-01-14 16:58:58  INFO [main] (StdSchedulerFactory.java:1310) - Quartz scheduler version: 2.1.1
2015-01-14 16:58:58 DEBUG [DefaultQuartzScheduler_QuartzSchedulerThread] (QuartzSchedulerThread.java:268) - batch acquisition of 0 triggers
2015-01-14 16:58:58  INFO [main] (QuartzScheduler.java:534) - Scheduler DefaultQuartzScheduler_$_NON_CLUSTERED started.
2015-01-14 16:58:59 DEBUG [Timer-0] (UpdateChecker.java:54) - Checking for available updated version of Quartz...
2015-01-14 16:59:05  INFO [Timer-0] (UpdateChecker.java:84) - New Quartz update(s) found: 2.1.7 [http://www.terracotta.org/kit/reflector?kitID=default&pageID=QuartzChangeLog]
2015-01-14 16:59:22 DEBUG [DefaultQuartzScheduler_QuartzSchedulerThread] (QuartzSchedulerThread.java:268) - batch acquisition of 0 triggers
2015-01-14 16:59:50 DEBUG [DefaultQuartzScheduler_QuartzSchedulerThread] (QuartzSchedulerThread.java:268) - batch acquisition of 1 triggers
2015-01-14 17:00:00 DEBUG [DefaultQuartzScheduler_QuartzSchedulerThread] (SimpleJobFactory.java:51) - Producing instance of Job 'TTS_TRIGGERGROUP.TTS_JOB', class=com.tongbaotu.tts.job.TTSMailJob
2015-01-14 17:00:00 DEBUG [DefaultQuartzScheduler_QuartzSchedulerThread] (QuartzSchedulerThread.java:268) - batch acquisition of 0 triggers
2015-01-14 17:00:00 DEBUG [DefaultQuartzScheduler_Worker-1] (JobRunShell.java:212) - Calling execute on job TTS_TRIGGERGROUP.TTS_JOB
2015-01-14 17:00:00 DEBUG [DefaultQuartzScheduler_Worker-1] (Log4JLoggerFactory.java:81) - Could not find template in cache, creating new one; id=[mail-title.ftl[zh_CN,UTF-8,parsed] ]
2015-01-14 17:00:00 DEBUG [DefaultQuartzScheduler_Worker-1] (Log4JLoggerFactory.java:81) - Compiling FreeMarker template mail-title.ftl[zh_CN,UTF-8,parsed]  from file:/Users/tbt/Documents/workspace/tss/target/classes/resource/mail-title.ftl
2015-01-14 17:00:00 DEBUG [DefaultQuartzScheduler_Worker-1] (Log4JLoggerFactory.java:81) - Could not find template in cache, creating new one; id=[mail-body.ftl[zh_CN,UTF-8,parsed] ]
2015-01-14 17:00:00 DEBUG [DefaultQuartzScheduler_Worker-1] (Log4JLoggerFactory.java:81) - Compiling FreeMarker template mail-body.ftl[zh_CN,UTF-8,parsed]  from file:/Users/tbt/Documents/workspace/tss/target/classes/resource/mail-body.ftl
2015-01-14 17:00:01 ERROR [DefaultQuartzScheduler_Worker-1] (Log4JLoggerFactory.java:96) - 

Expression iosInstallsCount is undefined on line 22, column 11 in mail-body.ftl.
The problematic instruction:
----------
==> ${iosInstallsCount} [on line 22, column 9 in mail-body.ftl]
----------

Java backtrace for programmers:
----------
freemarker.core.InvalidReferenceException: Expression iosInstallsCount is undefined on line 22, column 11 in mail-body.ftl.
	at freemarker.core.TemplateObject.assertNonNull(TemplateObject.java:124)
	at freemarker.core.Expression.getStringValue(Expression.java:118)
	at freemarker.core.Expression.getStringValue(Expression.java:93)
	at freemarker.core.DollarVariable.accept(DollarVariable.java:76)
	at freemarker.core.Environment.visit(Environment.java:196)
	at freemarker.core.MixedContent.accept(MixedContent.java:92)
	at freemarker.core.Environment.visit(Environment.java:196)
	at freemarker.core.Environment.process(Environment.java:176)
	at freemarker.template.Template.process(Template.java:232)
	at com.tongbaotu.tts.mail.template.FreemarkerEmailTemplateService.getText(FreemarkerEmailTemplateService.java:78)
	at com.tongbaotu.tts.mail.TTSMailService.send(TTSMailService.java:85)
	at com.tongbaotu.tts.job.TTSMailJob.execute(TTSMailJob.java:72)
	at org.quartz.core.JobRunShell.run(JobRunShell.java:213)
	at org.quartz.simpl.SimpleThreadPool$WorkerThread.run(SimpleThreadPool.java:557)
2015-01-14 17:00:01 ERROR [DefaultQuartzScheduler_Worker-1] (JobRunShell.java:222) - Job TTS_TRIGGERGROUP.TTS_JOB threw an unhandled Exception: 
java.lang.RuntimeException: freemarker.core.InvalidReferenceException: Expression iosInstallsCount is undefined on line 22, column 11 in mail-body.ftl.
	at com.tongbaotu.tts.mail.template.FreemarkerEmailTemplateService.getText(FreemarkerEmailTemplateService.java:82)
	at com.tongbaotu.tts.mail.TTSMailService.send(TTSMailService.java:85)
	at com.tongbaotu.tts.job.TTSMailJob.execute(TTSMailJob.java:72)
	at org.quartz.core.JobRunShell.run(JobRunShell.java:213)
	at org.quartz.simpl.SimpleThreadPool$WorkerThread.run(SimpleThreadPool.java:557)
Caused by: freemarker.core.InvalidReferenceException: Expression iosInstallsCount is undefined on line 22, column 11 in mail-body.ftl.
	at freemarker.core.TemplateObject.assertNonNull(TemplateObject.java:124)
	at freemarker.core.Expression.getStringValue(Expression.java:118)
	at freemarker.core.Expression.getStringValue(Expression.java:93)
	at freemarker.core.DollarVariable.accept(DollarVariable.java:76)
	at freemarker.core.Environment.visit(Environment.java:196)
	at freemarker.core.MixedContent.accept(MixedContent.java:92)
	at freemarker.core.Environment.visit(Environment.java:196)
	at freemarker.core.Environment.process(Environment.java:176)
	at freemarker.template.Template.process(Template.java:232)
	at com.tongbaotu.tts.mail.template.FreemarkerEmailTemplateService.getText(FreemarkerEmailTemplateService.java:78)
	... 4 more
2015-01-14 17:00:01 ERROR [DefaultQuartzScheduler_Worker-1] (QuartzScheduler.java:2360) - Job (TTS_TRIGGERGROUP.TTS_JOB threw an exception.
org.quartz.SchedulerException: Job threw an unhandled exception. [See nested exception: java.lang.RuntimeException: freemarker.core.InvalidReferenceException: Expression iosInstallsCount is undefined on line 22, column 11 in mail-body.ftl.]
	at org.quartz.core.JobRunShell.run(JobRunShell.java:224)
	at org.quartz.simpl.SimpleThreadPool$WorkerThread.run(SimpleThreadPool.java:557)
Caused by: java.lang.RuntimeException: freemarker.core.InvalidReferenceException: Expression iosInstallsCount is undefined on line 22, column 11 in mail-body.ftl.
	at com.tongbaotu.tts.mail.template.FreemarkerEmailTemplateService.getText(FreemarkerEmailTemplateService.java:82)
	at com.tongbaotu.tts.mail.TTSMailService.send(TTSMailService.java:85)
	at com.tongbaotu.tts.job.TTSMailJob.execute(TTSMailJob.java:72)
	at org.quartz.core.JobRunShell.run(JobRunShell.java:213)
	... 1 more
Caused by: freemarker.core.InvalidReferenceException: Expression iosInstallsCount is undefined on line 22, column 11 in mail-body.ftl.
	at freemarker.core.TemplateObject.assertNonNull(TemplateObject.java:124)
	at freemarker.core.Expression.getStringValue(Expression.java:118)
	at freemarker.core.Expression.getStringValue(Expression.java:93)
	at freemarker.core.DollarVariable.accept(DollarVariable.java:76)
	at freemarker.core.Environment.visit(Environment.java:196)
	at freemarker.core.MixedContent.accept(MixedContent.java:92)
	at freemarker.core.Environment.visit(Environment.java:196)
	at freemarker.core.Environment.process(Environment.java:176)
	at freemarker.template.Template.process(Template.java:232)
	at com.tongbaotu.tts.mail.template.FreemarkerEmailTemplateService.getText(FreemarkerEmailTemplateService.java:78)
	... 4 more
2015-01-14 17:00:25 DEBUG [DefaultQuartzScheduler_QuartzSchedulerThread] (QuartzSchedulerThread.java:268) - batch acquisition of 0 triggers
2015-01-14 17:00:53 DEBUG [DefaultQuartzScheduler_QuartzSchedulerThread] (QuartzSchedulerThread.java:268) - batch acquisition of 0 triggers
2015-01-14 17:01:22 DEBUG [DefaultQuartzScheduler_QuartzSchedulerThread] (QuartzSchedulerThread.java:268) - batch acquisition of 0 triggers
2015-01-14 17:01:50 DEBUG [DefaultQuartzScheduler_QuartzSchedulerThread] (QuartzSchedulerThread.java:268) - batch acquisition of 0 triggers
2015-01-14 17:02:19 DEBUG [DefaultQuartzScheduler_QuartzSchedulerThread] (QuartzSchedulerThread.java:268) - batch acquisition of 0 triggers
2015-01-14 17:02:47 DEBUG [DefaultQuartzScheduler_QuartzSchedulerThread] (QuartzSchedulerThread.java:268) - batch acquisition of 0 triggers
2015-01-14 17:03:11 DEBUG [DefaultQuartzScheduler_QuartzSchedulerThread] (QuartzSchedulerThread.java:268) - batch acquisition of 0 triggers
2015-01-14 17:03:39 DEBUG [DefaultQuartzScheduler_QuartzSchedulerThread] (QuartzSchedulerThread.java:268) - batch acquisition of 0 triggers
2015-01-14 17:04:04 DEBUG [DefaultQuartzScheduler_QuartzSchedulerThread] (QuartzSchedulerThread.java:268) - batch acquisition of 0 triggers
2015-01-14 17:04:31 DEBUG [DefaultQuartzScheduler_QuartzSchedulerThread] (QuartzSchedulerThread.java:268) - batch acquisition of 0 triggers
2015-01-14 17:05:01 DEBUG [DefaultQuartzScheduler_QuartzSchedulerThread] (QuartzSchedulerThread.java:268) - batch acquisition of 0 triggers
2015-01-14 17:05:28 DEBUG [DefaultQuartzScheduler_QuartzSchedulerThread] (QuartzSchedulerThread.java:268) - batch acquisition of 0 triggers
2015-01-14 17:05:53 DEBUG [DefaultQuartzScheduler_QuartzSchedulerThread] (QuartzSchedulerThread.java:268) - batch acquisition of 0 triggers
2015-01-14 17:06:22 DEBUG [DefaultQuartzScheduler_QuartzSchedulerThread] (QuartzSchedulerThread.java:268) - batch acquisition of 0 triggers
2015-01-14 17:06:49 DEBUG [DefaultQuartzScheduler_QuartzSchedulerThread] (QuartzSchedulerThread.java:268) - batch acquisition of 0 triggers
2015-01-14 17:07:17 DEBUG [DefaultQuartzScheduler_QuartzSchedulerThread] (QuartzSchedulerThread.java:268) - batch acquisition of 0 triggers
2015-01-14 17:07:43 DEBUG [DefaultQuartzScheduler_QuartzSchedulerThread] (QuartzSchedulerThread.java:268) - batch acquisition of 0 triggers
2015-01-14 17:08:07 DEBUG [DefaultQuartzScheduler_QuartzSchedulerThread] (QuartzSchedulerThread.java:268) - batch acquisition of 0 triggers
2015-01-14 17:08:36 DEBUG [DefaultQuartzScheduler_QuartzSchedulerThread] (QuartzSchedulerThread.java:268) - batch acquisition of 0 triggers
2015-01-14 17:09:02 DEBUG [DefaultQuartzScheduler_QuartzSchedulerThread] (QuartzSchedulerThread.java:268) - batch acquisition of 0 triggers
2015-01-14 17:09:30 DEBUG [DefaultQuartzScheduler_QuartzSchedulerThread] (QuartzSchedulerThread.java:268) - batch acquisition of 0 triggers
2015-01-14 17:09:59 DEBUG [DefaultQuartzScheduler_QuartzSchedulerThread] (QuartzSchedulerThread.java:268) - batch acquisition of 0 triggers
2015-01-14 17:10:25 DEBUG [DefaultQuartzScheduler_QuartzSchedulerThread] (QuartzSchedulerThread.java:268) - batch acquisition of 0 triggers
2015-01-14 17:10:52 DEBUG [DefaultQuartzScheduler_QuartzSchedulerThread] (QuartzSchedulerThread.java:268) - batch acquisition of 0 triggers
2015-01-14 17:11:19 DEBUG [DefaultQuartzScheduler_QuartzSchedulerThread] (QuartzSchedulerThread.java:268) - batch acquisition of 0 triggers
2015-01-14 17:11:47 DEBUG [DefaultQuartzScheduler_QuartzSchedulerThread] (QuartzSchedulerThread.java:268) - batch acquisition of 0 triggers
2015-01-14 17:12:12 DEBUG [DefaultQuartzScheduler_QuartzSchedulerThread] (QuartzSchedulerThread.java:268) - batch acquisition of 0 triggers
2015-01-14 17:12:39 DEBUG [DefaultQuartzScheduler_QuartzSchedulerThread] (QuartzSchedulerThread.java:268) - batch acquisition of 0 triggers
2015-01-14 17:13:05 DEBUG [DefaultQuartzScheduler_QuartzSchedulerThread] (QuartzSchedulerThread.java:268) - batch acquisition of 0 triggers
2015-01-14 17:13:33 DEBUG [DefaultQuartzScheduler_QuartzSchedulerThread] (QuartzSchedulerThread.java:268) - batch acquisition of 0 triggers
2015-01-14 17:13:57 DEBUG [DefaultQuartzScheduler_QuartzSchedulerThread] (QuartzSchedulerThread.java:268) - batch acquisition of 0 triggers
2015-01-14 17:14:24 DEBUG [DefaultQuartzScheduler_QuartzSchedulerThread] (QuartzSchedulerThread.java:268) - batch acquisition of 0 triggers
2015-01-14 17:14:48 DEBUG [DefaultQuartzScheduler_QuartzSchedulerThread] (QuartzSchedulerThread.java:268) - batch acquisition of 0 triggers
2015-01-14 17:15:14 DEBUG [DefaultQuartzScheduler_QuartzSchedulerThread] (QuartzSchedulerThread.java:268) - batch acquisition of 0 triggers
2015-01-14 17:15:41 DEBUG [DefaultQuartzScheduler_QuartzSchedulerThread] (QuartzSchedulerThread.java:268) - batch acquisition of 0 triggers
2015-01-14 17:16:04 DEBUG [DefaultQuartzScheduler_QuartzSchedulerThread] (QuartzSchedulerThread.java:268) - batch acquisition of 0 triggers
2015-01-14 17:16:30 DEBUG [DefaultQuartzScheduler_QuartzSchedulerThread] (QuartzSchedulerThread.java:268) - batch acquisition of 0 triggers
2015-01-14 17:16:58 DEBUG [DefaultQuartzScheduler_QuartzSchedulerThread] (QuartzSchedulerThread.java:268) - batch acquisition of 0 triggers
2015-01-14 17:17:26 DEBUG [DefaultQuartzScheduler_QuartzSchedulerThread] (QuartzSchedulerThread.java:268) - batch acquisition of 0 triggers
2015-01-14 17:17:52 DEBUG [DefaultQuartzScheduler_QuartzSchedulerThread] (QuartzSchedulerThread.java:268) - batch acquisition of 0 triggers
2015-01-14 17:18:18 DEBUG [DefaultQuartzScheduler_QuartzSchedulerThread] (QuartzSchedulerThread.java:268) - batch acquisition of 0 triggers
2015-01-14 17:18:44 DEBUG [DefaultQuartzScheduler_QuartzSchedulerThread] (QuartzSchedulerThread.java:268) - batch acquisition of 0 triggers
2015-01-14 17:19:09 DEBUG [DefaultQuartzScheduler_QuartzSchedulerThread] (QuartzSchedulerThread.java:268) - batch acquisition of 0 triggers
2015-01-14 17:19:37 DEBUG [DefaultQuartzScheduler_QuartzSchedulerThread] (QuartzSchedulerThread.java:268) - batch acquisition of 0 triggers
2015-01-14 17:20:02 DEBUG [DefaultQuartzScheduler_QuartzSchedulerThread] (QuartzSchedulerThread.java:268) - batch acquisition of 0 triggers
2015-01-14 17:20:26 DEBUG [DefaultQuartzScheduler_QuartzSchedulerThread] (QuartzSchedulerThread.java:268) - batch acquisition of 0 triggers
2015-01-14 17:20:54 DEBUG [DefaultQuartzScheduler_QuartzSchedulerThread] (QuartzSchedulerThread.java:268) - batch acquisition of 0 triggers
2015-01-14 17:21:19 DEBUG [DefaultQuartzScheduler_QuartzSchedulerThread] (QuartzSchedulerThread.java:268) - batch acquisition of 0 triggers
2015-01-14 17:21:48 DEBUG [DefaultQuartzScheduler_QuartzSchedulerThread] (QuartzSchedulerThread.java:268) - batch acquisition of 0 triggers
2015-01-14 17:22:17 DEBUG [DefaultQuartzScheduler_QuartzSchedulerThread] (QuartzSchedulerThread.java:268) - batch acquisition of 0 triggers
2015-01-14 17:22:42 DEBUG [DefaultQuartzScheduler_QuartzSchedulerThread] (QuartzSchedulerThread.java:268) - batch acquisition of 0 triggers
2015-01-14 17:23:06 DEBUG [DefaultQuartzScheduler_QuartzSchedulerThread] (QuartzSchedulerThread.java:268) - batch acquisition of 0 triggers
2015-01-14 17:23:34 DEBUG [DefaultQuartzScheduler_QuartzSchedulerThread] (QuartzSchedulerThread.java:268) - batch acquisition of 0 triggers
2015-01-14 17:24:03 DEBUG [DefaultQuartzScheduler_QuartzSchedulerThread] (QuartzSchedulerThread.java:268) - batch acquisition of 0 triggers
2015-01-14 17:24:28 DEBUG [DefaultQuartzScheduler_QuartzSchedulerThread] (QuartzSchedulerThread.java:268) - batch acquisition of 0 triggers
2015-01-14 17:24:55 DEBUG [DefaultQuartzScheduler_QuartzSchedulerThread] (QuartzSchedulerThread.java:268) - batch acquisition of 0 triggers
2015-01-14 17:25:20 DEBUG [DefaultQuartzScheduler_QuartzSchedulerThread] (QuartzSchedulerThread.java:268) - batch acquisition of 0 triggers
2015-01-14 17:25:50 DEBUG [DefaultQuartzScheduler_QuartzSchedulerThread] (QuartzSchedulerThread.java:268) - batch acquisition of 0 triggers
2015-01-14 17:26:14 DEBUG [DefaultQuartzScheduler_QuartzSchedulerThread] (QuartzSchedulerThread.java:268) - batch acquisition of 0 triggers
2015-01-14 17:26:43 DEBUG [DefaultQuartzScheduler_QuartzSchedulerThread] (QuartzSchedulerThread.java:268) - batch acquisition of 0 triggers
2015-01-14 17:27:13 DEBUG [DefaultQuartzScheduler_QuartzSchedulerThread] (QuartzSchedulerThread.java:268) - batch acquisition of 0 triggers
2015-01-14 17:27:38 DEBUG [DefaultQuartzScheduler_QuartzSchedulerThread] (QuartzSchedulerThread.java:268) - batch acquisition of 0 triggers
2015-01-14 17:28:03 DEBUG [DefaultQuartzScheduler_QuartzSchedulerThread] (QuartzSchedulerThread.java:268) - batch acquisition of 0 triggers
2015-01-14 17:28:26 DEBUG [DefaultQuartzScheduler_QuartzSchedulerThread] (QuartzSchedulerThread.java:268) - batch acquisition of 0 triggers
2015-01-14 17:28:53 DEBUG [DefaultQuartzScheduler_QuartzSchedulerThread] (QuartzSchedulerThread.java:268) - batch acquisition of 0 triggers
2015-01-14 17:29:18 DEBUG [DefaultQuartzScheduler_QuartzSchedulerThread] (QuartzSchedulerThread.java:268) - batch acquisition of 0 triggers
2015-01-14 17:29:47 DEBUG [DefaultQuartzScheduler_QuartzSchedulerThread] (QuartzSchedulerThread.java:268) - batch acquisition of 0 triggers
2015-01-14 17:30:12 DEBUG [DefaultQuartzScheduler_QuartzSchedulerThread] (QuartzSchedulerThread.java:268) - batch acquisition of 0 triggers
2015-01-14 17:30:38 DEBUG [DefaultQuartzScheduler_QuartzSchedulerThread] (QuartzSchedulerThread.java:268) - batch acquisition of 0 triggers
2015-01-14 17:31:02 DEBUG [DefaultQuartzScheduler_QuartzSchedulerThread] (QuartzSchedulerThread.java:268) - batch acquisition of 0 triggers
2015-01-14 17:31:26 DEBUG [DefaultQuartzScheduler_QuartzSchedulerThread] (QuartzSchedulerThread.java:268) - batch acquisition of 0 triggers
2015-01-14 17:31:50 DEBUG [DefaultQuartzScheduler_QuartzSchedulerThread] (QuartzSchedulerThread.java:268) - batch acquisition of 0 triggers
2015-01-14 17:32:14 DEBUG [DefaultQuartzScheduler_QuartzSchedulerThread] (QuartzSchedulerThread.java:268) - batch acquisition of 0 triggers
2015-01-14 17:32:38 DEBUG [DefaultQuartzScheduler_QuartzSchedulerThread] (QuartzSchedulerThread.java:268) - batch acquisition of 0 triggers
2015-01-14 17:33:07 DEBUG [DefaultQuartzScheduler_QuartzSchedulerThread] (QuartzSchedulerThread.java:268) - batch acquisition of 0 triggers
2015-01-14 17:33:36 DEBUG [DefaultQuartzScheduler_QuartzSchedulerThread] (QuartzSchedulerThread.java:268) - batch acquisition of 0 triggers
2015-01-14 17:34:04 DEBUG [DefaultQuartzScheduler_QuartzSchedulerThread] (QuartzSchedulerThread.java:268) - batch acquisition of 0 triggers
2015-01-14 17:34:27 DEBUG [DefaultQuartzScheduler_QuartzSchedulerThread] (QuartzSchedulerThread.java:268) - batch acquisition of 0 triggers
2015-01-14 17:34:56 DEBUG [DefaultQuartzScheduler_QuartzSchedulerThread] (QuartzSchedulerThread.java:268) - batch acquisition of 0 triggers
2015-01-14 17:35:21 DEBUG [DefaultQuartzScheduler_QuartzSchedulerThread] (QuartzSchedulerThread.java:268) - batch acquisition of 0 triggers
2015-01-14 17:36:58 DEBUG [main] (MySQLManager.java:41) - init mysql.
2015-01-14 17:36:58  INFO [main] (StdSchedulerFactory.java:1157) - Using default implementation for ThreadExecutor
2015-01-14 17:36:58  INFO [main] (SimpleThreadPool.java:271) - Job execution threads will use class loader of thread: main
2015-01-14 17:36:58  INFO [main] (SchedulerSignalerImpl.java:61) - Initialized Scheduler Signaller of type: class org.quartz.core.SchedulerSignalerImpl
2015-01-14 17:36:58  INFO [main] (QuartzScheduler.java:243) - Quartz Scheduler v.2.1.1 created.
2015-01-14 17:36:58  INFO [main] (RAMJobStore.java:154) - RAMJobStore initialized.
2015-01-14 17:36:58  INFO [main] (QuartzScheduler.java:268) - Scheduler meta-data: Quartz Scheduler (v2.1.1) 'DefaultQuartzScheduler' with instanceId 'NON_CLUSTERED'
  Scheduler class: 'org.quartz.core.QuartzScheduler' - running locally.
  NOT STARTED.
  Currently in standby mode.
  Number of jobs executed: 0
  Using thread pool 'org.quartz.simpl.SimpleThreadPool' - with 10 threads.
  Using job-store 'org.quartz.simpl.RAMJobStore' - which does not support persistence. and is not clustered.

2015-01-14 17:36:58  INFO [main] (StdSchedulerFactory.java:1306) - Quartz scheduler 'DefaultQuartzScheduler' initialized from default resource file in Quartz package: 'quartz.properties'
2015-01-14 17:36:58  INFO [main] (StdSchedulerFactory.java:1310) - Quartz scheduler version: 2.1.1
2015-01-14 17:36:58  INFO [main] (QuartzScheduler.java:534) - Scheduler DefaultQuartzScheduler_$_NON_CLUSTERED started.
2015-01-14 17:36:58 DEBUG [DefaultQuartzScheduler_QuartzSchedulerThread] (QuartzSchedulerThread.java:268) - batch acquisition of 0 triggers
2015-01-14 17:36:59 DEBUG [Timer-0] (UpdateChecker.java:54) - Checking for available updated version of Quartz...
2015-01-14 17:37:01  INFO [Timer-0] (UpdateChecker.java:84) - New Quartz update(s) found: 2.1.7 [http://www.terracotta.org/kit/reflector?kitID=default&pageID=QuartzChangeLog]
2015-01-14 17:37:15 DEBUG [main] (MySQLManager.java:41) - init mysql.
2015-01-14 17:37:52 DEBUG [main] (MySQLManager.java:41) - init mysql.
2015-01-14 17:37:53  INFO [main] (StdSchedulerFactory.java:1157) - Using default implementation for ThreadExecutor
2015-01-14 17:37:53  INFO [main] (SimpleThreadPool.java:271) - Job execution threads will use class loader of thread: main
2015-01-14 17:37:53  INFO [main] (SchedulerSignalerImpl.java:61) - Initialized Scheduler Signaller of type: class org.quartz.core.SchedulerSignalerImpl
2015-01-14 17:37:53  INFO [main] (QuartzScheduler.java:243) - Quartz Scheduler v.2.1.1 created.
2015-01-14 17:37:53  INFO [main] (RAMJobStore.java:154) - RAMJobStore initialized.
2015-01-14 17:37:53  INFO [main] (QuartzScheduler.java:268) - Scheduler meta-data: Quartz Scheduler (v2.1.1) 'DefaultQuartzScheduler' with instanceId 'NON_CLUSTERED'
  Scheduler class: 'org.quartz.core.QuartzScheduler' - running locally.
  NOT STARTED.
  Currently in standby mode.
  Number of jobs executed: 0
  Using thread pool 'org.quartz.simpl.SimpleThreadPool' - with 10 threads.
  Using job-store 'org.quartz.simpl.RAMJobStore' - which does not support persistence. and is not clustered.

2015-01-14 17:37:53  INFO [main] (StdSchedulerFactory.java:1306) - Quartz scheduler 'DefaultQuartzScheduler' initialized from default resource file in Quartz package: 'quartz.properties'
2015-01-14 17:37:53  INFO [main] (StdSchedulerFactory.java:1310) - Quartz scheduler version: 2.1.1
2015-01-14 17:37:53  INFO [main] (QuartzScheduler.java:534) - Scheduler DefaultQuartzScheduler_$_NON_CLUSTERED started.
2015-01-14 17:37:53 DEBUG [DefaultQuartzScheduler_QuartzSchedulerThread] (QuartzSchedulerThread.java:268) - batch acquisition of 0 triggers
2015-01-14 17:37:54 DEBUG [Timer-0] (UpdateChecker.java:54) - Checking for available updated version of Quartz...
2015-01-14 17:37:56  INFO [Timer-0] (UpdateChecker.java:84) - New Quartz update(s) found: 2.1.7 [http://www.terracotta.org/kit/reflector?kitID=default&pageID=QuartzChangeLog]
2015-01-14 17:38:18 DEBUG [DefaultQuartzScheduler_QuartzSchedulerThread] (QuartzSchedulerThread.java:268) - batch acquisition of 0 triggers
2015-01-14 17:38:42 DEBUG [DefaultQuartzScheduler_QuartzSchedulerThread] (QuartzSchedulerThread.java:268) - batch acquisition of 1 triggers
2015-01-14 17:39:00 DEBUG [DefaultQuartzScheduler_QuartzSchedulerThread] (SimpleJobFactory.java:51) - Producing instance of Job 'TTS_TRIGGERGROUP.TTS_JOB', class=com.tongbaotu.tts.job.TTSMailJob
2015-01-14 17:39:00 DEBUG [DefaultQuartzScheduler_QuartzSchedulerThread] (QuartzSchedulerThread.java:268) - batch acquisition of 0 triggers
2015-01-14 17:39:00 DEBUG [DefaultQuartzScheduler_Worker-1] (JobRunShell.java:212) - Calling execute on job TTS_TRIGGERGROUP.TTS_JOB
2015-01-14 17:39:00 DEBUG [DefaultQuartzScheduler_Worker-1] (Log4JLoggerFactory.java:81) - Could not find template in cache, creating new one; id=[mail-title.ftl[zh_CN,UTF-8,parsed] ]
2015-01-14 17:39:00 DEBUG [DefaultQuartzScheduler_Worker-1] (Log4JLoggerFactory.java:81) - Compiling FreeMarker template mail-title.ftl[zh_CN,UTF-8,parsed]  from file:/Users/tbt/Documents/workspace/tss/target/classes/resource/mail-title.ftl
2015-01-14 17:39:00 DEBUG [DefaultQuartzScheduler_Worker-1] (Log4JLoggerFactory.java:81) - Could not find template in cache, creating new one; id=[mail-body.ftl[zh_CN,UTF-8,parsed] ]
2015-01-14 17:39:00 DEBUG [DefaultQuartzScheduler_Worker-1] (Log4JLoggerFactory.java:81) - Compiling FreeMarker template mail-body.ftl[zh_CN,UTF-8,parsed]  from file:/Users/tbt/Documents/workspace/tss/target/classes/resource/mail-body.ftl
2015-01-14 17:39:03 DEBUG [DefaultQuartzScheduler_Worker-1] (TTSMailService.java:93) - 发送成功
2015-01-14 17:39:25 DEBUG [DefaultQuartzScheduler_QuartzSchedulerThread] (QuartzSchedulerThread.java:268) - batch acquisition of 0 triggers
2015-01-14 17:39:53 DEBUG [DefaultQuartzScheduler_QuartzSchedulerThread] (QuartzSchedulerThread.java:268) - batch acquisition of 0 triggers
